<?xml version="1.0" encoding="UTF-8"?>
<!-- Generated by org.testng.reporters.JUnitXMLReporter -->
<testsuite ignored="0" hostname="DESKTOP-4SPKBOK" failures="1" tests="1" name="Surefire test" time="60.644" errors="0" timestamp="2022-09-03T19:57:47 IST">
  <testcase classname="com.TestVagrant.testCases.MovieDetailExtractAndValidateTestCase" name="Extract_ReleaseDate_Country_And_Validate" time="55.347">
    <failure type="java.lang.AssertionError" message=" Assert Failed : Country origin of movie Pushpa: The Rise is different in IMDB &amp;amp; Wiki expected [] but found [India]">
      <![CDATA[java.lang.AssertionError:  Assert Failed : Country origin of movie Pushpa: The Rise is different in IMDB & Wiki expected [] but found [India]
at com.TestVagrant.testCases.MovieDetailExtractAndValidateTestCase.Extract_ReleaseDate_Country_And_Validate(MovieDetailExtractAndValidateTestCase.java:60)
at java.base/java.util.ArrayList.forEach(ArrayList.java:1511)
... Removed 37 stack frames]]>
    </failure>
  </testcase> <!-- Extract_ReleaseDate_Country_And_Validate -->
</testsuite> <!-- Surefire test -->
