-------------------------------------------------------------------------------
Test set: com.TestVagrant.testCases.MovieDetailExtractAndValidateTestCase
-------------------------------------------------------------------------------
Tests run: 1, Failures: 1, Errors: 0, Skipped: 0, Time elapsed: 61.396 s <<< FAILURE! - in com.TestVagrant.testCases.MovieDetailExtractAndValidateTestCase
Extract_ReleaseDate_Country_And_Validate(com.TestVagrant.testCases.MovieDetailExtractAndValidateTestCase)  Time elapsed: 55.469 s  <<< FAILURE!
java.lang.AssertionError:  Assert Failed : Country origin of movie Pushpa: The Rise is different in IMDB & Wiki expected [] but found [India]
	at com.TestVagrant.testCases.MovieDetailExtractAndValidateTestCase.Extract_ReleaseDate_Country_And_Validate(MovieDetailExtractAndValidateTestCase.java:60)

